<?xml version="1.0" encoding="UTF-8"?>
<!-- Generated by org.testng.reporters.JUnitReportReporter -->
<testsuite skipped="0" hostname="BANL1699b0a1b.local" name="com.sample.RestAssured.SampleTest" tests="4" failures="0" timestamp="26 Feb 2019 09:12:49 GMT" time="5.134" errors="0">
  <testcase name="test1" time="1.663" classname="com.sample.RestAssured.SampleTest"/>
  <testcase name="test4" time="0.630" classname="com.sample.RestAssured.SampleTest"/>
  <testcase name="test2" time="0.747" classname="com.sample.RestAssured.SampleTest"/>
  <testcase name="test3" time="2.094" classname="com.sample.RestAssured.SampleTest"/>
</testsuite> <!-- com.sample.RestAssured.SampleTest -->
